2020-02-24 14:46:13: remote administration service initialized
2020-02-24 14:46:13: found hardserver version 12.50.4
2020-02-24 15:16:40: termination signal received
2020-02-24 15:16:40: remote administration service terminating
Mon Feb 24 15:16:42 IST 2020
&#39;raserv&#39; shut down
2020-02-24 15:16:45: remote administration service initialized
2020-02-24 15:16:45: found hardserver version 12.50.4
Session terminated, killing shell...2020-02-25 09:29:44: termination signal received
2020-02-25 09:29:44: remote administration service terminating
...killed.
2020-02-25 09:31:43: remote administration service initialized
2020-02-25 09:31:43: found hardserver version 12.50.4
2020-03-05 14:59:52: termination signal received
2020-03-05 14:59:52: remote administration service terminating
Session terminated, killing shell... ...killed.
Thu Mar 5 14:59:57 IST 2020
&#39;raserv&#39; shut down
2020-03-05 15:08:28: remote administration service initialized
2020-03-05 15:08:28: found hardserver version 12.50.4
2020-03-05 15:09:07: termination signal received
2020-03-05 15:09:07: remote administration service terminating
2020-03-05 15:14:06: remote administration service initialized
2020-03-05 15:14:06: found hardserver version 12.50.4
Session terminated, killing shell...2020-03-05 15:24:16: termination signal received
2020-03-05 15:24:16: remote administration service terminating
...killed.
Thu Mar 5 15:24:18 IST 2020
&#39;raserv&#39; shut down
2020-03-05 15:26:22: remote administration service initialized
2020-03-05 15:26:22: found hardserver version 12.50.4
Session terminated, killing shell...2020-03-05 15:26:48: termination signal received
2020-03-05 15:26:48: remote administration service terminating
...killed.
Thu Mar 5 15:26:53 IST 2020
&#39;raserv&#39; shut down
2020-03-05 15:28:47: remote administration service initialized
2020-03-05 15:28:47: found hardserver version 12.50.4
2020-03-05 15:34:14: remote administration service initialized
2020-03-05 15:34:14: found hardserver version 12.50.4
Session terminated, killing shell...2020-03-05 15:37:13: termination signal received
2020-03-05 15:37:13: remote administration service terminating
2020-03-05 15:37:13: termination signal received
2020-03-05 15:37:13: remote administration service terminating
...killed.
Thu Mar 5 15:37:18 IST 2020
&#39;raserv&#39; shut down
2020-03-05 15:39:16: remote administration service initialized
2020-03-05 15:39:16: found hardserver version 12.50.4
Session terminated, killing shell...2020-03-13 17:38:01: termination signal received
2020-03-13 17:38:01: remote administration service terminating
2020-03-13 17:38:01: termination signal received
2020-03-13 17:38:01: remote administration service terminating
...killed.
Fri Mar 13 17:38:04 IST 2020
&#39;raserv&#39; shut down
2020-10-27 13:19:27: remote administration service initialized
2020-10-27 13:19:27: found hardserver version 12.50.4
2020-11-06 09:36:54: termination signal received
2020-11-06 09:36:54: remote administration service terminating
Fri Nov 6 09:36:56 IST 2020
&#39;raserv&#39; shut down
2020-11-06 09:37:00: remote administration service initialized
2020-11-06 09:37:00: found hardserver version 12.50.4
2021-03-25 10:18:31: termination signal received